21:19:36 INFO  : Registering command handlers for SDK TCF services
21:19:37 INFO  : Launching XSCT server: xsct.bat -interactive C:\Users\Elliot\Desktop\FPGA\hdl-hdl_2019_r2\projects\fmcomms2\zc706\fmcomms2_zc706.sdk\temp_xsdb_launch_script.tcl
21:19:41 INFO  : XSCT server has started successfully.
21:19:46 INFO  : Successfully done setting XSCT server connection channel  
21:19:46 INFO  : Successfully done setting SDK workspace  
21:19:46 INFO  : Processing command line option -hwspec C:/Users/Elliot/Desktop/FPGA/hdl-hdl_2019_r2/projects/fmcomms2/zc706/fmcomms2_zc706.sdk/system_top.hdf.
08:34:03 INFO  : Launching XSCT server: xsct.bat -interactive C:\Users\Elliot\Desktop\FPGA\FPGA2\hdl-hdl_2019_r2\projects\fmcomms2\zc706\fmcomms2_zc706.sdk\temp_xsdb_launch_script.tcl
08:34:06 INFO  : XSCT server has started successfully.
08:34:17 INFO  : Successfully done setting XSCT server connection channel  
08:34:17 INFO  : Successfully done setting SDK workspace  
08:34:19 INFO  : Registering command handlers for SDK TCF services
08:34:20 INFO  : Processing command line option -hwspec C:/Users/Elliot/Desktop/FPGA/FPGA2/hdl-hdl_2019_r2/projects/fmcomms2/zc706/fmcomms2_zc706.sdk/system_top.hdf.
09:15:43 INFO  : Refreshed build settings on project ad9361
13:15:36 INFO  : Registering command handlers for SDK TCF services
13:15:36 INFO  : Launching XSCT server: xsct.bat -interactive C:\Users\Elliot\Desktop\FPGA\FPGA2\hdl-hdl_2019_r2\projects\fmcomms2\zc706\fmcomms2_zc706.sdk\temp_xsdb_launch_script.tcl
13:15:39 INFO  : XSCT server has started successfully.
13:15:44 INFO  : Successfully done setting XSCT server connection channel  
13:15:44 INFO  : Successfully done setting SDK workspace  
13:15:44 INFO  : Processing command line option -hwspec C:/Users/Elliot/Desktop/FPGA/FPGA2/hdl-hdl_2019_r2/projects/fmcomms2/zc706/fmcomms2_zc706.sdk/system_top.hdf.
13:15:44 INFO  : Checking for hwspec changes in the project system_top_hw_platform_1.
00:27:29 INFO  : Registering command handlers for SDK TCF services
00:27:29 INFO  : Launching XSCT server: xsct.bat -interactive C:\Users\Elliot\Desktop\FPGA\FPGA2\hdl-hdl_2019_r2\projects\fmcomms2\zc706\fmcomms2_zc706.sdk\temp_xsdb_launch_script.tcl
00:27:33 INFO  : XSCT server has started successfully.
00:27:38 INFO  : Successfully done setting XSCT server connection channel  
00:27:38 INFO  : Successfully done setting SDK workspace  
00:27:38 INFO  : Processing command line option -hwspec C:/Users/Elliot/Desktop/FPGA/FPGA2/hdl-hdl_2019_r2/projects/fmcomms2/zc706/fmcomms2_zc706.sdk/system_top.hdf.
00:27:38 INFO  : Checking for hwspec changes in the project system_top_hw_platform_1.
00:32:07 INFO  : Connected to target on host '127.0.0.1' and port '3121'.
